<?xml version="1.0" encoding="UTF-8"?>
<!-- Generated by org.testng.reporters.JUnitXMLReporter -->
<testsuite hostname="Rushs-MacBook-Pro-4.local" name="FirefoxTest" tests="3" failures="3" timestamp="11 Oct 2016 22:07:14 GMT" time="16.581" errors="0">
  <testcase name="clickPages" time="0.706" classname="webSite1.WebSite1Auto">
    <failure type="java.lang.AssertionError" message="expected [Equipo #3] but found [Practica #1]">
      <![CDATA[java.lang.AssertionError: expected [Equipo #3] but found [Practica #1]
	at webSite1.WebSite1Auto.clickPages(WebSite1Auto.java:61)
... Removed 31 stack frames]]>
    </failure>
  </testcase> <!-- clickPages -->
  <testcase name="clickPages2" time="0.077" classname="webSite1.WebSite1Auto">
    <failure type="java.lang.AssertionError" message="expected [Equipo #3] but found [Practica #2]">
      <![CDATA[java.lang.AssertionError: expected [Equipo #3] but found [Practica #2]
	at webSite1.WebSite1Auto.clickPages2(WebSite1Auto.java:76)
... Removed 31 stack frames]]>
    </failure>
  </testcase> <!-- clickPages2 -->
  <testcase name="clickPages3" time="10.45" classname="webSite1.WebSite1Auto">
    <failure type="org.openqa.selenium.TimeoutException" message="Expected condition failed: waiting for visibility of all elements located by By.xpath: /html/body/nav/ul/li[5]/a (tried for 10 second(s) with 500 MILLISECONDS interval)
Build info: version: &amp;apos;unknown&amp;apos;, revision: &amp;apos;3169782&amp;apos;, time: &amp;apos;2016-09-29 10:24:50 -0700&amp;apos;
System info: host: &amp;apos;Rushs-MacBook-Pro-4.local&amp;apos;, ip: &amp;apos;192.168.1.111&amp;apos;, os.name: &amp;apos;Mac OS X&amp;apos;, os.arch: &amp;apos;x86_64&amp;apos;, os.version: &amp;apos;10.12&amp;apos;, java.version: &amp;apos;1.8.0_73&amp;apos;
Driver info: org.openqa.selenium.firefox.FirefoxDriver
Capabilities [{rotatable=false, raisesAccessibilityExceptions=false, marionette=true, appBuildId=20160922113459, version=, platform=MAC, proxy={}, command_id=1, specificationLevel=0, acceptSslCerts=false, processId=1097, browserVersion=49.0.1, platformVersion=16.0.0, XULappId={ec8030f7-c20a-464f-9b0e-13a3a9e97384}, browserName=firefox, takesScreenshot=true, takesElementScreenshot=true, platformName=darwin, device=desktop}]
Session ID: 304f0396-0c0b-9f4d-a469-b004367f7bc2">
      <![CDATA[org.openqa.selenium.TimeoutException: Expected condition failed: waiting for visibility of all elements located by By.xpath: /html/body/nav/ul/li[5]/a (tried for 10 second(s) with 500 MILLISECONDS interval)
Build info: version: 'unknown', revision: '3169782', time: '2016-09-29 10:24:50 -0700'
System info: host: 'Rushs-MacBook-Pro-4.local', ip: '192.168.1.111', os.name: 'Mac OS X', os.arch: 'x86_64', os.version: '10.12', java.version: '1.8.0_73'
Driver info: org.openqa.selenium.firefox.FirefoxDriver
Capabilities [{rotatable=false, raisesAccessibilityExceptions=false, marionette=true, appBuildId=20160922113459, version=, platform=MAC, proxy={}, command_id=1, specificationLevel=0, acceptSslCerts=false, processId=1097, browserVersion=49.0.1, platformVersion=16.0.0, XULappId={ec8030f7-c20a-464f-9b0e-13a3a9e97384}, browserName=firefox, takesScreenshot=true, takesElementScreenshot=true, platformName=darwin, device=desktop}]
Session ID: 304f0396-0c0b-9f4d-a469-b004367f7bc2
	at org.openqa.selenium.support.ui.WebDriverWait.timeoutException(WebDriverWait.java:80)
	at org.openqa.selenium.support.ui.FluentWait.until(FluentWait.java:265)
	at webSite1.WebSite1Auto.clickPages3(WebSite1Auto.java:84)
... Removed 25 stack frames]]>
    </failure>
  </testcase> <!-- clickPages3 -->
</testsuite> <!-- FirefoxTest -->
