<!DOCTYPE html PUBLIC "-//W3C//DTD XHTML 1.1//EN" "http://www.w3.org/TR/xhtml11/DTD/xhtml11.dtd">
<html xmlns="http://www.w3.org/1999/xhtml"><head><title>TestNG Report</title><style type="text/css">table {margin-bottom:10px;border-collapse:collapse;empty-cells:show}th,td {border:1px solid #009;padding:.25em .5em}th {vertical-align:bottom}td {vertical-align:top}table a {font-weight:bold}.stripe td {background-color: #E6EBF9}.num {text-align:right}.passedodd td {background-color: #3F3}.passedeven td {background-color: #0A0}.skippedodd td {background-color: #DDD}.skippedeven td {background-color: #CCC}.failedodd td,.attn {background-color: #F33}.failedeven td,.stripe .attn {background-color: #D00}.stacktrace {white-space:pre;font-family:monospace}.totop {font-size:85%;text-align:center;border-bottom:2px solid #000}</style></head><body><table><tr><th>Test</th><th># Passed</th><th># Skipped</th><th># Failed</th><th>Time (ms)</th><th>Included Groups</th><th>Excluded Groups</th></tr><tr><th colspan="7">Suite</th></tr><tr><td><a href="#t0">FirefoxTest</a></td><td class="num">0</td><td class="num">0</td><td class="num attn">3</td><td class="num">16,581</td><td></td><td></td></tr><tr class="stripe"><td><a href="#t1">ChromeTest</a></td><td class="num">3</td><td class="num">0</td><td class="num">0</td><td class="num">7,586</td><td></td><td></td></tr><tr><td><a href="#t2">SafariTest</a></td><td class="num">0</td><td class="num attn">3</td><td class="num">0</td><td class="num">20,625</td><td></td><td></td></tr><tr><th>Total</th><th class="num">3</th><th class="num attn">3</th><th class="num attn">3</th><th class="num">44,792</th><th colspan="2"></th></tr></table><table><thead><tr><th>Class</th><th>Method</th><th>Start</th><th>Time (ms)</th></tr></thead><tbody><tr><th colspan="4">Suite</th></tr></tbody><tbody id="t0"><tr><th colspan="4">FirefoxTest &#8212; failed</th></tr><tr class="failedeven"><td rowspan="3">webSite1.WebSite1Auto</td><td><a href="#m0">clickPages</a></td><td rowspan="1">1476223622583</td><td rowspan="1">706</td></tr><tr class="failedeven"><td><a href="#m1">clickPages2</a></td><td rowspan="1">1476223623304</td><td rowspan="1">77</td></tr><tr class="failedeven"><td><a href="#m2">clickPages3</a></td><td rowspan="1">1476223623400</td><td rowspan="1">10450</td></tr></tbody><tbody id="t1"><tr><th colspan="4">ChromeTest &#8212; passed</th></tr><tr class="passedeven"><td rowspan="3">webSite1.WebSite1Auto</td><td><a href="#m3">clickPages</a></td><td rowspan="1">1476223636937</td><td rowspan="1">1197</td></tr><tr class="passedeven"><td><a href="#m4">clickPages2</a></td><td rowspan="1">1476223638187</td><td rowspan="1">1812</td></tr><tr class="passedeven"><td><a href="#m5">clickPages3</a></td><td rowspan="1">1476223640028</td><td rowspan="1">1478</td></tr></tbody><tbody id="t2"><tr><th colspan="4">SafariTest &#8212; failed (configuration methods)</th></tr><tr class="failedeven"><td rowspan="1">webSite1.WebSite1Auto</td><td><a href="#m6">openBrowser</a></td><td rowspan="1">1476223641604</td><td rowspan="1">0</td></tr><tr><th colspan="4">SafariTest &#8212; skipped (configuration methods)</th></tr><tr class="skippedeven"><td rowspan="7">webSite1.WebSite1Auto</td><td><a href="#m7">driverQuite</a></td><td rowspan="1">1476223662228</td><td rowspan="1">0</td></tr><tr class="skippedeven"><td><a href="#m8">returnPage</a></td><td rowspan="3">1476223662224</td><td rowspan="3">0</td></tr><tr class="skippedeven"><td><a href="#m9">returnPage</a></td></tr><tr class="skippedeven"><td><a href="#m10">returnPage</a></td></tr><tr class="skippedeven"><td><a href="#m11">verifyTitle</a></td><td rowspan="3">1476223662225</td><td rowspan="3">0</td></tr><tr class="skippedeven"><td><a href="#m12">verifyTitle</a></td></tr><tr class="skippedeven"><td><a href="#m13">verifyTitle</a></td></tr><tr><th colspan="4">SafariTest &#8212; skipped</th></tr><tr class="skippedeven"><td rowspan="3">webSite1.WebSite1Auto</td><td><a href="#m14">clickPages</a></td><td rowspan="1">1476223662223</td><td rowspan="1">0</td></tr><tr class="skippedeven"><td><a href="#m15">clickPages2</a></td><td rowspan="1">1476223662225</td><td rowspan="1">1</td></tr><tr class="skippedeven"><td><a href="#m16">clickPages3</a></td><td rowspan="1">1476223662227</td><td rowspan="1">1</td></tr></tbody></table><h2>FirefoxTest</h2><h3 id="m0">webSite1.WebSite1Auto#clickPages</h3><table class="result"><tr><th>Exception</th></tr><tr><td><div class="stacktrace">java.lang.AssertionError: expected [Equipo #3] but found [Practica #1]
	at webSite1.WebSite1Auto.clickPages(WebSite1Auto.java:61)
... Removed 31 stack frames</div></td></tr></table><p class="totop"><a href="#summary">back to summary</a></p><h3 id="m1">webSite1.WebSite1Auto#clickPages2</h3><table class="result"><tr><th>Exception</th></tr><tr><td><div class="stacktrace">java.lang.AssertionError: expected [Equipo #3] but found [Practica #2]
	at webSite1.WebSite1Auto.clickPages2(WebSite1Auto.java:76)
... Removed 31 stack frames</div></td></tr></table><p class="totop"><a href="#summary">back to summary</a></p><h3 id="m2">webSite1.WebSite1Auto#clickPages3</h3><table class="result"><tr><th>Exception</th></tr><tr><td><div class="stacktrace">org.openqa.selenium.TimeoutException: Expected condition failed: waiting for visibility of all elements located by By.xpath: /html/body/nav/ul/li[5]/a (tried for 10 second(s) with 500 MILLISECONDS interval)
Build info: version: &apos;unknown&apos;, revision: &apos;3169782&apos;, time: &apos;2016-09-29 10:24:50 -0700&apos;
System info: host: &apos;Rushs-MacBook-Pro-4.local&apos;, ip: &apos;192.168.1.111&apos;, os.name: &apos;Mac OS X&apos;, os.arch: &apos;x86_64&apos;, os.version: &apos;10.12&apos;, java.version: &apos;1.8.0_73&apos;
Driver info: org.openqa.selenium.firefox.FirefoxDriver
Capabilities [{rotatable=false, raisesAccessibilityExceptions=false, marionette=true, appBuildId=20160922113459, version=, platform=MAC, proxy={}, command_id=1, specificationLevel=0, acceptSslCerts=false, processId=1097, browserVersion=49.0.1, platformVersion=16.0.0, XULappId={ec8030f7-c20a-464f-9b0e-13a3a9e97384}, browserName=firefox, takesScreenshot=true, takesElementScreenshot=true, platformName=darwin, device=desktop}]
Session ID: 304f0396-0c0b-9f4d-a469-b004367f7bc2
	at org.openqa.selenium.support.ui.WebDriverWait.timeoutException(WebDriverWait.java:80)
	at org.openqa.selenium.support.ui.FluentWait.until(FluentWait.java:265)
	at webSite1.WebSite1Auto.clickPages3(WebSite1Auto.java:84)
... Removed 25 stack frames</div></td></tr></table><p class="totop"><a href="#summary">back to summary</a></p><h2>ChromeTest</h2><h3 id="m3">webSite1.WebSite1Auto#clickPages</h3><table class="result"></table><p class="totop"><a href="#summary">back to summary</a></p><h3 id="m4">webSite1.WebSite1Auto#clickPages2</h3><table class="result"></table><p class="totop"><a href="#summary">back to summary</a></p><h3 id="m5">webSite1.WebSite1Auto#clickPages3</h3><table class="result"></table><p class="totop"><a href="#summary">back to summary</a></p><h2>SafariTest</h2><h3 id="m6">webSite1.WebSite1Auto#openBrowser</h3><table class="result"><tr class="param"><th>Parameter #1</th></tr><tr class="param stripe"><td>Safari</td></tr><tr><th>Exception</th></tr><tr><td><div class="stacktrace">org.openqa.selenium.WebDriverException: The driver server has unexpectedly died!
Build info: version: &apos;unknown&apos;, revision: &apos;3169782&apos;, time: &apos;2016-09-29 10:24:50 -0700&apos;
System info: host: &apos;Rushs-MacBook-Pro-4.local&apos;, ip: &apos;192.168.1.111&apos;, os.name: &apos;Mac OS X&apos;, os.arch: &apos;x86_64&apos;, os.version: &apos;10.12&apos;, java.version: &apos;1.8.0_73&apos;
Driver info: driver.version: SafariDriver
	at org.openqa.selenium.remote.service.DriverCommandExecutor.execute(DriverCommandExecutor.java:88)
	at org.openqa.selenium.remote.RemoteWebDriver.execute(RemoteWebDriver.java:602)
	at org.openqa.selenium.remote.RemoteWebDriver.startSession(RemoteWebDriver.java:242)
	at org.openqa.selenium.remote.RemoteWebDriver.&lt;init&gt;(RemoteWebDriver.java:129)
	at org.openqa.selenium.safari.SafariDriver.&lt;init&gt;(SafariDriver.java:62)
	at org.openqa.selenium.safari.SafariDriver.&lt;init&gt;(SafariDriver.java:42)
	at webSite1.WebSite1Auto.openBrowser(WebSite1Auto.java:37)
Caused by: org.apache.http.conn.HttpHostConnectException: Connect to localhost:37600 [localhost/127.0.0.1, localhost/0:0:0:0:0:0:0:1] failed: Connection refused
	at org.apache.http.impl.conn.DefaultHttpClientConnectionOperator.connect(DefaultHttpClientConnectionOperator.java:158)
	at org.apache.http.impl.conn.PoolingHttpClientConnectionManager.connect(PoolingHttpClientConnectionManager.java:353)
	at org.apache.http.impl.execchain.MainClientExec.establishRoute(MainClientExec.java:380)
	at org.apache.http.impl.execchain.MainClientExec.execute(MainClientExec.java:236)
	at org.apache.http.impl.execchain.ProtocolExec.execute(ProtocolExec.java:184)
	at org.apache.http.impl.execchain.RetryExec.execute(RetryExec.java:88)
	at org.apache.http.impl.execchain.RedirectExec.execute(RedirectExec.java:110)
	at org.apache.http.impl.client.InternalHttpClient.doExecute(InternalHttpClient.java:184)
	at org.apache.http.impl.client.CloseableHttpClient.execute(CloseableHttpClient.java:71)
	at org.apache.http.impl.client.CloseableHttpClient.execute(CloseableHttpClient.java:55)
	at org.openqa.selenium.remote.internal.ApacheHttpClient.fallBackExecute(ApacheHttpClient.java:142)
	at org.openqa.selenium.remote.internal.ApacheHttpClient.execute(ApacheHttpClient.java:88)
	at org.openqa.selenium.remote.ProtocolHandshake.createSession(ProtocolHandshake.java:97)
	at org.openqa.selenium.remote.ProtocolHandshake.createSession(ProtocolHandshake.java:55)
	at org.openqa.selenium.remote.HttpCommandExecutor.execute(HttpCommandExecutor.java:141)
	at org.openqa.selenium.remote.service.DriverCommandExecutor.execute(DriverCommandExecutor.java:82)
	... 29 more
Caused by: java.net.ConnectException: Connection refused
	at java.net.PlainSocketImpl.socketConnect(Native Method)
	at java.net.AbstractPlainSocketImpl.doConnect(AbstractPlainSocketImpl.java:350)
	at java.net.AbstractPlainSocketImpl.connectToAddress(AbstractPlainSocketImpl.java:206)
	at java.net.AbstractPlainSocketImpl.connect(AbstractPlainSocketImpl.java:188)
	at java.net.SocksSocketImpl.connect(SocksSocketImpl.java:392)
	at java.net.Socket.connect(Socket.java:589)
	at org.apache.http.conn.socket.PlainConnectionSocketFactory.connectSocket(PlainConnectionSocketFactory.java:74)
	at org.apache.http.impl.conn.DefaultHttpClientConnectionOperator.connect(DefaultHttpClientConnectionOperator.java:141)
	... 44 more
... Removed 23 stack frames</div></td></tr></table><p class="totop"><a href="#summary">back to summary</a></p><h3 id="m7">webSite1.WebSite1Auto#driverQuite</h3><table class="result"></table><p class="totop"><a href="#summary">back to summary</a></p><h3 id="m8">webSite1.WebSite1Auto#returnPage</h3><table class="result"></table><p class="totop"><a href="#summary">back to summary</a></p><h3 id="m9">webSite1.WebSite1Auto#returnPage</h3><table class="result"></table><p class="totop"><a href="#summary">back to summary</a></p><h3 id="m10">webSite1.WebSite1Auto#returnPage</h3><table class="result"></table><p class="totop"><a href="#summary">back to summary</a></p><h3 id="m11">webSite1.WebSite1Auto#verifyTitle</h3><table class="result"></table><p class="totop"><a href="#summary">back to summary</a></p><h3 id="m12">webSite1.WebSite1Auto#verifyTitle</h3><table class="result"></table><p class="totop"><a href="#summary">back to summary</a></p><h3 id="m13">webSite1.WebSite1Auto#verifyTitle</h3><table class="result"></table><p class="totop"><a href="#summary">back to summary</a></p><h3 id="m14">webSite1.WebSite1Auto#clickPages</h3><table class="result"></table><p class="totop"><a href="#summary">back to summary</a></p><h3 id="m15">webSite1.WebSite1Auto#clickPages2</h3><table class="result"></table><p class="totop"><a href="#summary">back to summary</a></p><h3 id="m16">webSite1.WebSite1Auto#clickPages3</h3><table class="result"></table><p class="totop"><a href="#summary">back to summary</a></p></body></html>