<?xml version="1.0" encoding="UTF-8"?>
<testng-results skipped="3" failed="3" total="9" passed="3">
  <reporter-output>
  </reporter-output>
  <suite name="Suite" duration-ms="44811" started-at="2016-10-11T22:06:57Z" finished-at="2016-10-11T22:07:42Z">
    <groups>
    </groups>
    <test name="FirefoxTest" duration-ms="16581" started-at="2016-10-11T22:06:57Z" finished-at="2016-10-11T22:07:13Z">
      <class name="webSite1.WebSite1Auto">
        <test-method status="PASS" signature="openBrowser(java.lang.String)[pri:0, instance:webSite1.WebSite1Auto@457e2f02]" name="openBrowser" is-config="true" duration-ms="5138" started-at="2016-10-11T17:06:57Z" finished-at="2016-10-11T17:07:02Z">
          <params>
            <param index="0">
              <value>
                <![CDATA[FireFox]]>
              </value>
            </param>
          </params>
          <reporter-output>
          </reporter-output>
        </test-method> <!-- openBrowser -->
        <test-method status="PASS" signature="verifyTitle()[pri:0, instance:webSite1.WebSite1Auto@457e2f02]" name="verifyTitle" is-config="true" duration-ms="17" started-at="2016-10-11T17:07:02Z" finished-at="2016-10-11T17:07:02Z">
          <reporter-output>
          </reporter-output>
        </test-method> <!-- verifyTitle -->
        <test-method status="FAIL" signature="clickPages()[pri:0, instance:webSite1.WebSite1Auto@457e2f02]" name="clickPages" duration-ms="706" started-at="2016-10-11T17:07:02Z" finished-at="2016-10-11T17:07:03Z">
          <exception class="java.lang.AssertionError">
            <message>
              <![CDATA[expected [Equipo #3] but found [Practica #1]]]>
            </message>
            <full-stacktrace>
              <![CDATA[java.lang.AssertionError: expected [Equipo #3] but found [Practica #1]
	at org.testng.Assert.fail(Assert.java:94)
	at org.testng.Assert.failNotEquals(Assert.java:513)
	at org.testng.Assert.assertEqualsImpl(Assert.java:135)
	at org.testng.Assert.assertEquals(Assert.java:116)
	at org.testng.Assert.assertEquals(Assert.java:190)
	at org.testng.Assert.assertEquals(Assert.java:200)
	at webSite1.WebSite1Auto.clickPages(WebSite1Auto.java:61)
	at sun.reflect.NativeMethodAccessorImpl.invoke0(Native Method)
	at sun.reflect.NativeMethodAccessorImpl.invoke(NativeMethodAccessorImpl.java:62)
	at sun.reflect.DelegatingMethodAccessorImpl.invoke(DelegatingMethodAccessorImpl.java:43)
	at java.lang.reflect.Method.invoke(Method.java:497)
	at org.testng.internal.MethodInvocationHelper.invokeMethod(MethodInvocationHelper.java:100)
	at org.testng.internal.Invoker.invokeMethod(Invoker.java:646)
	at org.testng.internal.Invoker.invokeTestMethod(Invoker.java:811)
	at org.testng.internal.Invoker.invokeTestMethods(Invoker.java:1137)
	at org.testng.internal.TestMethodWorker.invokeTestMethods(TestMethodWorker.java:129)
	at org.testng.internal.TestMethodWorker.run(TestMethodWorker.java:112)
	at org.testng.TestRunner.privateRun(TestRunner.java:753)
	at org.testng.TestRunner.run(TestRunner.java:607)
	at org.testng.SuiteRunner.runTest(SuiteRunner.java:368)
	at org.testng.SuiteRunner.runSequentially(SuiteRunner.java:363)
	at org.testng.SuiteRunner.privateRun(SuiteRunner.java:321)
	at org.testng.SuiteRunner.run(SuiteRunner.java:270)
	at org.testng.SuiteRunnerWorker.runSuite(SuiteRunnerWorker.java:52)
	at org.testng.SuiteRunnerWorker.run(SuiteRunnerWorker.java:86)
	at org.testng.TestNG.runSuitesSequentially(TestNG.java:1284)
	at org.testng.TestNG.runSuitesLocally(TestNG.java:1209)
	at org.testng.TestNG.runSuites(TestNG.java:1124)
	at org.testng.TestNG.run(TestNG.java:1096)
	at org.testng.remote.AbstractRemoteTestNG.run(AbstractRemoteTestNG.java:132)
	at org.testng.remote.RemoteTestNG.initAndRun(RemoteTestNG.java:236)
	at org.testng.remote.RemoteTestNG.main(RemoteTestNG.java:81)
]]>
            </full-stacktrace>
          </exception> <!-- java.lang.AssertionError -->
          <reporter-output>
          </reporter-output>
        </test-method> <!-- clickPages -->
        <test-method status="PASS" signature="returnPage()[pri:0, instance:webSite1.WebSite1Auto@457e2f02]" name="returnPage" is-config="true" duration-ms="5" started-at="2016-10-11T17:07:03Z" finished-at="2016-10-11T17:07:03Z">
          <reporter-output>
          </reporter-output>
        </test-method> <!-- returnPage -->
        <test-method status="PASS" signature="verifyTitle()[pri:0, instance:webSite1.WebSite1Auto@457e2f02]" name="verifyTitle" is-config="true" duration-ms="7" started-at="2016-10-11T17:07:03Z" finished-at="2016-10-11T17:07:03Z">
          <reporter-output>
          </reporter-output>
        </test-method> <!-- verifyTitle -->
        <test-method status="FAIL" signature="clickPages2()[pri:0, instance:webSite1.WebSite1Auto@457e2f02]" name="clickPages2" duration-ms="77" started-at="2016-10-11T17:07:03Z" finished-at="2016-10-11T17:07:03Z">
          <exception class="java.lang.AssertionError">
            <message>
              <![CDATA[expected [Equipo #3] but found [Practica #2]]]>
            </message>
            <full-stacktrace>
              <![CDATA[java.lang.AssertionError: expected [Equipo #3] but found [Practica #2]
	at org.testng.Assert.fail(Assert.java:94)
	at org.testng.Assert.failNotEquals(Assert.java:513)
	at org.testng.Assert.assertEqualsImpl(Assert.java:135)
	at org.testng.Assert.assertEquals(Assert.java:116)
	at org.testng.Assert.assertEquals(Assert.java:190)
	at org.testng.Assert.assertEquals(Assert.java:200)
	at webSite1.WebSite1Auto.clickPages2(WebSite1Auto.java:76)
	at sun.reflect.NativeMethodAccessorImpl.invoke0(Native Method)
	at sun.reflect.NativeMethodAccessorImpl.invoke(NativeMethodAccessorImpl.java:62)
	at sun.reflect.DelegatingMethodAccessorImpl.invoke(DelegatingMethodAccessorImpl.java:43)
	at java.lang.reflect.Method.invoke(Method.java:497)
	at org.testng.internal.MethodInvocationHelper.invokeMethod(MethodInvocationHelper.java:100)
	at org.testng.internal.Invoker.invokeMethod(Invoker.java:646)
	at org.testng.internal.Invoker.invokeTestMethod(Invoker.java:811)
	at org.testng.internal.Invoker.invokeTestMethods(Invoker.java:1137)
	at org.testng.internal.TestMethodWorker.invokeTestMethods(TestMethodWorker.java:129)
	at org.testng.internal.TestMethodWorker.run(TestMethodWorker.java:112)
	at org.testng.TestRunner.privateRun(TestRunner.java:753)
	at org.testng.TestRunner.run(TestRunner.java:607)
	at org.testng.SuiteRunner.runTest(SuiteRunner.java:368)
	at org.testng.SuiteRunner.runSequentially(SuiteRunner.java:363)
	at org.testng.SuiteRunner.privateRun(SuiteRunner.java:321)
	at org.testng.SuiteRunner.run(SuiteRunner.java:270)
	at org.testng.SuiteRunnerWorker.runSuite(SuiteRunnerWorker.java:52)
	at org.testng.SuiteRunnerWorker.run(SuiteRunnerWorker.java:86)
	at org.testng.TestNG.runSuitesSequentially(TestNG.java:1284)
	at org.testng.TestNG.runSuitesLocally(TestNG.java:1209)
	at org.testng.TestNG.runSuites(TestNG.java:1124)
	at org.testng.TestNG.run(TestNG.java:1096)
	at org.testng.remote.AbstractRemoteTestNG.run(AbstractRemoteTestNG.java:132)
	at org.testng.remote.RemoteTestNG.initAndRun(RemoteTestNG.java:236)
	at org.testng.remote.RemoteTestNG.main(RemoteTestNG.java:81)
]]>
            </full-stacktrace>
          </exception> <!-- java.lang.AssertionError -->
          <reporter-output>
          </reporter-output>
        </test-method> <!-- clickPages2 -->
        <test-method status="PASS" signature="returnPage()[pri:0, instance:webSite1.WebSite1Auto@457e2f02]" name="returnPage" is-config="true" duration-ms="8" started-at="2016-10-11T17:07:03Z" finished-at="2016-10-11T17:07:03Z">
          <reporter-output>
          </reporter-output>
        </test-method> <!-- returnPage -->
        <test-method status="PASS" signature="verifyTitle()[pri:0, instance:webSite1.WebSite1Auto@457e2f02]" name="verifyTitle" is-config="true" duration-ms="8" started-at="2016-10-11T17:07:03Z" finished-at="2016-10-11T17:07:03Z">
          <reporter-output>
          </reporter-output>
        </test-method> <!-- verifyTitle -->
        <test-method status="FAIL" signature="clickPages3()[pri:0, instance:webSite1.WebSite1Auto@457e2f02]" name="clickPages3" duration-ms="10450" started-at="2016-10-11T17:07:03Z" finished-at="2016-10-11T17:07:13Z">
          <exception class="org.openqa.selenium.TimeoutException">
            <message>
              <![CDATA[Expected condition failed: waiting for visibility of all elements located by By.xpath: /html/body/nav/ul/li[5]/a (tried for 10 second(s) with 500 MILLISECONDS interval)
Build info: version: 'unknown', revision: '3169782', time: '2016-09-29 10:24:50 -0700'
System info: host: 'Rushs-MacBook-Pro-4.local', ip: '192.168.1.111', os.name: 'Mac OS X', os.arch: 'x86_64', os.version: '10.12', java.version: '1.8.0_73'
Driver info: org.openqa.selenium.firefox.FirefoxDriver
Capabilities [{rotatable=false, raisesAccessibilityExceptions=false, marionette=true, appBuildId=20160922113459, version=, platform=MAC, proxy={}, command_id=1, specificationLevel=0, acceptSslCerts=false, processId=1097, browserVersion=49.0.1, platformVersion=16.0.0, XULappId={ec8030f7-c20a-464f-9b0e-13a3a9e97384}, browserName=firefox, takesScreenshot=true, takesElementScreenshot=true, platformName=darwin, device=desktop}]
Session ID: 304f0396-0c0b-9f4d-a469-b004367f7bc2]]>
            </message>
            <full-stacktrace>
              <![CDATA[org.openqa.selenium.TimeoutException: Expected condition failed: waiting for visibility of all elements located by By.xpath: /html/body/nav/ul/li[5]/a (tried for 10 second(s) with 500 MILLISECONDS interval)
Build info: version: 'unknown', revision: '3169782', time: '2016-09-29 10:24:50 -0700'
System info: host: 'Rushs-MacBook-Pro-4.local', ip: '192.168.1.111', os.name: 'Mac OS X', os.arch: 'x86_64', os.version: '10.12', java.version: '1.8.0_73'
Driver info: org.openqa.selenium.firefox.FirefoxDriver
Capabilities [{rotatable=false, raisesAccessibilityExceptions=false, marionette=true, appBuildId=20160922113459, version=, platform=MAC, proxy={}, command_id=1, specificationLevel=0, acceptSslCerts=false, processId=1097, browserVersion=49.0.1, platformVersion=16.0.0, XULappId={ec8030f7-c20a-464f-9b0e-13a3a9e97384}, browserName=firefox, takesScreenshot=true, takesElementScreenshot=true, platformName=darwin, device=desktop}]
Session ID: 304f0396-0c0b-9f4d-a469-b004367f7bc2
	at org.openqa.selenium.support.ui.WebDriverWait.timeoutException(WebDriverWait.java:80)
	at org.openqa.selenium.support.ui.FluentWait.until(FluentWait.java:265)
	at webSite1.WebSite1Auto.clickPages3(WebSite1Auto.java:84)
	at sun.reflect.NativeMethodAccessorImpl.invoke0(Native Method)
	at sun.reflect.NativeMethodAccessorImpl.invoke(NativeMethodAccessorImpl.java:62)
	at sun.reflect.DelegatingMethodAccessorImpl.invoke(DelegatingMethodAccessorImpl.java:43)
	at java.lang.reflect.Method.invoke(Method.java:497)
	at org.testng.internal.MethodInvocationHelper.invokeMethod(MethodInvocationHelper.java:100)
	at org.testng.internal.Invoker.invokeMethod(Invoker.java:646)
	at org.testng.internal.Invoker.invokeTestMethod(Invoker.java:811)
	at org.testng.internal.Invoker.invokeTestMethods(Invoker.java:1137)
	at org.testng.internal.TestMethodWorker.invokeTestMethods(TestMethodWorker.java:129)
	at org.testng.internal.TestMethodWorker.run(TestMethodWorker.java:112)
	at org.testng.TestRunner.privateRun(TestRunner.java:753)
	at org.testng.TestRunner.run(TestRunner.java:607)
	at org.testng.SuiteRunner.runTest(SuiteRunner.java:368)
	at org.testng.SuiteRunner.runSequentially(SuiteRunner.java:363)
	at org.testng.SuiteRunner.privateRun(SuiteRunner.java:321)
	at org.testng.SuiteRunner.run(SuiteRunner.java:270)
	at org.testng.SuiteRunnerWorker.runSuite(SuiteRunnerWorker.java:52)
	at org.testng.SuiteRunnerWorker.run(SuiteRunnerWorker.java:86)
	at org.testng.TestNG.runSuitesSequentially(TestNG.java:1284)
	at org.testng.TestNG.runSuitesLocally(TestNG.java:1209)
	at org.testng.TestNG.runSuites(TestNG.java:1124)
	at org.testng.TestNG.run(TestNG.java:1096)
	at org.testng.remote.AbstractRemoteTestNG.run(AbstractRemoteTestNG.java:132)
	at org.testng.remote.RemoteTestNG.initAndRun(RemoteTestNG.java:236)
	at org.testng.remote.RemoteTestNG.main(RemoteTestNG.java:81)
]]>
            </full-stacktrace>
          </exception> <!-- org.openqa.selenium.TimeoutException -->
          <reporter-output>
          </reporter-output>
        </test-method> <!-- clickPages3 -->
        <test-method status="PASS" signature="returnPage()[pri:0, instance:webSite1.WebSite1Auto@457e2f02]" name="returnPage" is-config="true" duration-ms="9" started-at="2016-10-11T17:07:13Z" finished-at="2016-10-11T17:07:13Z">
          <reporter-output>
          </reporter-output>
        </test-method> <!-- returnPage -->
        <test-method status="PASS" signature="driverQuite()[pri:0, instance:webSite1.WebSite1Auto@457e2f02]" name="driverQuite" is-config="true" duration-ms="136" started-at="2016-10-11T17:07:13Z" finished-at="2016-10-11T17:07:13Z">
          <reporter-output>
          </reporter-output>
        </test-method> <!-- driverQuite -->
      </class> <!-- webSite1.WebSite1Auto -->
    </test> <!-- FirefoxTest -->
    <test name="ChromeTest" duration-ms="7586" started-at="2016-10-11T22:07:14Z" finished-at="2016-10-11T22:07:21Z">
      <class name="webSite1.WebSite1Auto">
        <test-method status="PASS" signature="openBrowser(java.lang.String)[pri:0, instance:webSite1.WebSite1Auto@29774679]" name="openBrowser" is-config="true" duration-ms="2914" started-at="2016-10-11T17:07:14Z" finished-at="2016-10-11T17:07:16Z">
          <params>
            <param index="0">
              <value>
                <![CDATA[Chrome]]>
              </value>
            </param>
          </params>
          <reporter-output>
          </reporter-output>
        </test-method> <!-- openBrowser -->
        <test-method status="PASS" signature="verifyTitle()[pri:0, instance:webSite1.WebSite1Auto@29774679]" name="verifyTitle" is-config="true" duration-ms="6" started-at="2016-10-11T17:07:16Z" finished-at="2016-10-11T17:07:16Z">
          <reporter-output>
          </reporter-output>
        </test-method> <!-- verifyTitle -->
        <test-method status="PASS" signature="clickPages()[pri:0, instance:webSite1.WebSite1Auto@29774679]" name="clickPages" duration-ms="1197" started-at="2016-10-11T17:07:16Z" finished-at="2016-10-11T17:07:18Z">
          <reporter-output>
          </reporter-output>
        </test-method> <!-- clickPages -->
        <test-method status="PASS" signature="returnPage()[pri:0, instance:webSite1.WebSite1Auto@29774679]" name="returnPage" is-config="true" duration-ms="45" started-at="2016-10-11T17:07:18Z" finished-at="2016-10-11T17:07:18Z">
          <reporter-output>
          </reporter-output>
        </test-method> <!-- returnPage -->
        <test-method status="PASS" signature="verifyTitle()[pri:0, instance:webSite1.WebSite1Auto@29774679]" name="verifyTitle" is-config="true" duration-ms="8" started-at="2016-10-11T17:07:18Z" finished-at="2016-10-11T17:07:18Z">
          <reporter-output>
          </reporter-output>
        </test-method> <!-- verifyTitle -->
        <test-method status="PASS" signature="clickPages2()[pri:0, instance:webSite1.WebSite1Auto@29774679]" name="clickPages2" duration-ms="1812" started-at="2016-10-11T17:07:18Z" finished-at="2016-10-11T17:07:19Z">
          <reporter-output>
          </reporter-output>
        </test-method> <!-- clickPages2 -->
        <test-method status="PASS" signature="returnPage()[pri:0, instance:webSite1.WebSite1Auto@29774679]" name="returnPage" is-config="true" duration-ms="22" started-at="2016-10-11T17:07:20Z" finished-at="2016-10-11T17:07:20Z">
          <reporter-output>
          </reporter-output>
        </test-method> <!-- returnPage -->
        <test-method status="PASS" signature="verifyTitle()[pri:0, instance:webSite1.WebSite1Auto@29774679]" name="verifyTitle" is-config="true" duration-ms="5" started-at="2016-10-11T17:07:20Z" finished-at="2016-10-11T17:07:20Z">
          <reporter-output>
          </reporter-output>
        </test-method> <!-- verifyTitle -->
        <test-method status="PASS" signature="clickPages3()[pri:0, instance:webSite1.WebSite1Auto@29774679]" name="clickPages3" duration-ms="1478" started-at="2016-10-11T17:07:20Z" finished-at="2016-10-11T17:07:21Z">
          <reporter-output>
          </reporter-output>
        </test-method> <!-- clickPages3 -->
        <test-method status="PASS" signature="returnPage()[pri:0, instance:webSite1.WebSite1Auto@29774679]" name="returnPage" is-config="true" duration-ms="22" started-at="2016-10-11T17:07:21Z" finished-at="2016-10-11T17:07:21Z">
          <reporter-output>
          </reporter-output>
        </test-method> <!-- returnPage -->
        <test-method status="PASS" signature="driverQuite()[pri:0, instance:webSite1.WebSite1Auto@29774679]" name="driverQuite" is-config="true" duration-ms="72" started-at="2016-10-11T17:07:21Z" finished-at="2016-10-11T17:07:21Z">
          <reporter-output>
          </reporter-output>
        </test-method> <!-- driverQuite -->
      </class> <!-- webSite1.WebSite1Auto -->
    </test> <!-- ChromeTest -->
    <test name="SafariTest" duration-ms="20625" started-at="2016-10-11T22:07:21Z" finished-at="2016-10-11T22:07:42Z">
      <class name="webSite1.WebSite1Auto">
        <test-method status="FAIL" signature="openBrowser(java.lang.String)[pri:0, instance:webSite1.WebSite1Auto@59f99ea]" name="openBrowser" is-config="true" duration-ms="0" started-at="2016-10-11T17:07:21Z" finished-at="2016-10-11T17:07:21Z">
          <params>
            <param index="0">
              <value>
                <![CDATA[Safari]]>
              </value>
            </param>
          </params>
          <exception class="org.openqa.selenium.WebDriverException">
            <message>
              <![CDATA[The driver server has unexpectedly died!
Build info: version: 'unknown', revision: '3169782', time: '2016-09-29 10:24:50 -0700'
System info: host: 'Rushs-MacBook-Pro-4.local', ip: '192.168.1.111', os.name: 'Mac OS X', os.arch: 'x86_64', os.version: '10.12', java.version: '1.8.0_73'
Driver info: driver.version: SafariDriver]]>
            </message>
            <full-stacktrace>
              <![CDATA[org.openqa.selenium.WebDriverException: The driver server has unexpectedly died!
Build info: version: 'unknown', revision: '3169782', time: '2016-09-29 10:24:50 -0700'
System info: host: 'Rushs-MacBook-Pro-4.local', ip: '192.168.1.111', os.name: 'Mac OS X', os.arch: 'x86_64', os.version: '10.12', java.version: '1.8.0_73'
Driver info: driver.version: SafariDriver
	at org.openqa.selenium.remote.service.DriverCommandExecutor.execute(DriverCommandExecutor.java:88)
	at org.openqa.selenium.remote.RemoteWebDriver.execute(RemoteWebDriver.java:602)
	at org.openqa.selenium.remote.RemoteWebDriver.startSession(RemoteWebDriver.java:242)
	at org.openqa.selenium.remote.RemoteWebDriver.<init>(RemoteWebDriver.java:129)
	at org.openqa.selenium.safari.SafariDriver.<init>(SafariDriver.java:62)
	at org.openqa.selenium.safari.SafariDriver.<init>(SafariDriver.java:42)
	at webSite1.WebSite1Auto.openBrowser(WebSite1Auto.java:37)
	at sun.reflect.NativeMethodAccessorImpl.invoke0(Native Method)
	at sun.reflect.NativeMethodAccessorImpl.invoke(NativeMethodAccessorImpl.java:62)
	at sun.reflect.DelegatingMethodAccessorImpl.invoke(DelegatingMethodAccessorImpl.java:43)
	at java.lang.reflect.Method.invoke(Method.java:497)
	at org.testng.internal.MethodInvocationHelper.invokeMethod(MethodInvocationHelper.java:100)
	at org.testng.internal.Invoker.invokeConfigurationMethod(Invoker.java:515)
	at org.testng.internal.Invoker.invokeConfigurations(Invoker.java:216)
	at org.testng.internal.Invoker.invokeConfigurations(Invoker.java:143)
	at org.testng.TestRunner.beforeRun(TestRunner.java:631)
	at org.testng.TestRunner.run(TestRunner.java:599)
	at org.testng.SuiteRunner.runTest(SuiteRunner.java:368)
	at org.testng.SuiteRunner.runSequentially(SuiteRunner.java:363)
	at org.testng.SuiteRunner.privateRun(SuiteRunner.java:321)
	at org.testng.SuiteRunner.run(SuiteRunner.java:270)
	at org.testng.SuiteRunnerWorker.runSuite(SuiteRunnerWorker.java:52)
	at org.testng.SuiteRunnerWorker.run(SuiteRunnerWorker.java:86)
	at org.testng.TestNG.runSuitesSequentially(TestNG.java:1284)
	at org.testng.TestNG.runSuitesLocally(TestNG.java:1209)
	at org.testng.TestNG.runSuites(TestNG.java:1124)
	at org.testng.TestNG.run(TestNG.java:1096)
	at org.testng.remote.AbstractRemoteTestNG.run(AbstractRemoteTestNG.java:132)
	at org.testng.remote.RemoteTestNG.initAndRun(RemoteTestNG.java:236)
	at org.testng.remote.RemoteTestNG.main(RemoteTestNG.java:81)
Caused by: org.apache.http.conn.HttpHostConnectException: Connect to localhost:37600 [localhost/127.0.0.1, localhost/0:0:0:0:0:0:0:1] failed: Connection refused
	at org.apache.http.impl.conn.DefaultHttpClientConnectionOperator.connect(DefaultHttpClientConnectionOperator.java:158)
	at org.apache.http.impl.conn.PoolingHttpClientConnectionManager.connect(PoolingHttpClientConnectionManager.java:353)
	at org.apache.http.impl.execchain.MainClientExec.establishRoute(MainClientExec.java:380)
	at org.apache.http.impl.execchain.MainClientExec.execute(MainClientExec.java:236)
	at org.apache.http.impl.execchain.ProtocolExec.execute(ProtocolExec.java:184)
	at org.apache.http.impl.execchain.RetryExec.execute(RetryExec.java:88)
	at org.apache.http.impl.execchain.RedirectExec.execute(RedirectExec.java:110)
	at org.apache.http.impl.client.InternalHttpClient.doExecute(InternalHttpClient.java:184)
	at org.apache.http.impl.client.CloseableHttpClient.execute(CloseableHttpClient.java:71)
	at org.apache.http.impl.client.CloseableHttpClient.execute(CloseableHttpClient.java:55)
	at org.openqa.selenium.remote.internal.ApacheHttpClient.fallBackExecute(ApacheHttpClient.java:142)
	at org.openqa.selenium.remote.internal.ApacheHttpClient.execute(ApacheHttpClient.java:88)
	at org.openqa.selenium.remote.ProtocolHandshake.createSession(ProtocolHandshake.java:97)
	at org.openqa.selenium.remote.ProtocolHandshake.createSession(ProtocolHandshake.java:55)
	at org.openqa.selenium.remote.HttpCommandExecutor.execute(HttpCommandExecutor.java:141)
	at org.openqa.selenium.remote.service.DriverCommandExecutor.execute(DriverCommandExecutor.java:82)
	... 29 more
Caused by: java.net.ConnectException: Connection refused
	at java.net.PlainSocketImpl.socketConnect(Native Method)
	at java.net.AbstractPlainSocketImpl.doConnect(AbstractPlainSocketImpl.java:350)
	at java.net.AbstractPlainSocketImpl.connectToAddress(AbstractPlainSocketImpl.java:206)
	at java.net.AbstractPlainSocketImpl.connect(AbstractPlainSocketImpl.java:188)
	at java.net.SocksSocketImpl.connect(SocksSocketImpl.java:392)
	at java.net.Socket.connect(Socket.java:589)
	at org.apache.http.conn.socket.PlainConnectionSocketFactory.connectSocket(PlainConnectionSocketFactory.java:74)
	at org.apache.http.impl.conn.DefaultHttpClientConnectionOperator.connect(DefaultHttpClientConnectionOperator.java:141)
	... 44 more
]]>
            </full-stacktrace>
          </exception> <!-- org.openqa.selenium.WebDriverException -->
          <reporter-output>
          </reporter-output>
        </test-method> <!-- openBrowser -->
        <test-method status="SKIP" signature="verifyTitle()[pri:0, instance:webSite1.WebSite1Auto@59f99ea]" name="verifyTitle" is-config="true" duration-ms="0" started-at="2016-10-11T17:07:42Z" finished-at="2016-10-11T17:07:42Z">
          <reporter-output>
          </reporter-output>
        </test-method> <!-- verifyTitle -->
        <test-method status="SKIP" signature="clickPages()[pri:0, instance:webSite1.WebSite1Auto@59f99ea]" name="clickPages" duration-ms="0" started-at="2016-10-11T17:07:42Z" finished-at="2016-10-11T17:07:42Z">
          <reporter-output>
          </reporter-output>
        </test-method> <!-- clickPages -->
        <test-method status="SKIP" signature="returnPage()[pri:0, instance:webSite1.WebSite1Auto@59f99ea]" name="returnPage" is-config="true" duration-ms="0" started-at="2016-10-11T17:07:42Z" finished-at="2016-10-11T17:07:42Z">
          <reporter-output>
          </reporter-output>
        </test-method> <!-- returnPage -->
        <test-method status="SKIP" signature="verifyTitle()[pri:0, instance:webSite1.WebSite1Auto@59f99ea]" name="verifyTitle" is-config="true" duration-ms="0" started-at="2016-10-11T17:07:42Z" finished-at="2016-10-11T17:07:42Z">
          <reporter-output>
          </reporter-output>
        </test-method> <!-- verifyTitle -->
        <test-method status="SKIP" signature="clickPages2()[pri:0, instance:webSite1.WebSite1Auto@59f99ea]" name="clickPages2" duration-ms="1" started-at="2016-10-11T17:07:42Z" finished-at="2016-10-11T17:07:42Z">
          <reporter-output>
          </reporter-output>
        </test-method> <!-- clickPages2 -->
        <test-method status="SKIP" signature="returnPage()[pri:0, instance:webSite1.WebSite1Auto@59f99ea]" name="returnPage" is-config="true" duration-ms="0" started-at="2016-10-11T17:07:42Z" finished-at="2016-10-11T17:07:42Z">
          <reporter-output>
          </reporter-output>
        </test-method> <!-- returnPage -->
        <test-method status="SKIP" signature="clickPages3()[pri:0, instance:webSite1.WebSite1Auto@59f99ea]" name="clickPages3" duration-ms="1" started-at="2016-10-11T17:07:42Z" finished-at="2016-10-11T17:07:42Z">
          <reporter-output>
          </reporter-output>
        </test-method> <!-- clickPages3 -->
        <test-method status="SKIP" signature="verifyTitle()[pri:0, instance:webSite1.WebSite1Auto@59f99ea]" name="verifyTitle" is-config="true" duration-ms="0" started-at="2016-10-11T17:07:42Z" finished-at="2016-10-11T17:07:42Z">
          <reporter-output>
          </reporter-output>
        </test-method> <!-- verifyTitle -->
        <test-method status="SKIP" signature="driverQuite()[pri:0, instance:webSite1.WebSite1Auto@59f99ea]" name="driverQuite" is-config="true" duration-ms="0" started-at="2016-10-11T17:07:42Z" finished-at="2016-10-11T17:07:42Z">
          <reporter-output>
          </reporter-output>
        </test-method> <!-- driverQuite -->
        <test-method status="SKIP" signature="returnPage()[pri:0, instance:webSite1.WebSite1Auto@59f99ea]" name="returnPage" is-config="true" duration-ms="0" started-at="2016-10-11T17:07:42Z" finished-at="2016-10-11T17:07:42Z">
          <reporter-output>
          </reporter-output>
        </test-method> <!-- returnPage -->
      </class> <!-- webSite1.WebSite1Auto -->
    </test> <!-- SafariTest -->
  </suite> <!-- Suite -->
</testng-results>
