<?xml version="1.0" encoding="UTF-8"?>
<!-- Generated by org.testng.reporters.JUnitReportReporter -->
<testsuite skipped="3" hostname="Rushs-MacBook-Pro-4.local" name="webSite1.WebSite1Auto" tests="4" failures="0" timestamp="11 Oct 2016 21:59:29 GMT" time="0.005" errors="1">
  <testcase name="clickPages3" time="0.001" classname="webSite1.WebSite1Auto">
    <skipped/>
  </testcase> <!-- clickPages3 -->
  <testcase name="clickPages2" time="0.001" classname="webSite1.WebSite1Auto">
    <skipped/>
  </testcase> <!-- clickPages2 -->
  <testcase name="openBrowser" time="0.000" classname="webSite1.WebSite1Auto">
    <error type="org.testng.TestNGException" message="
Parameter &#039;browser&#039; is required by @Configuration on method openBrowser but has not been marked @Optional or defined
in /private/var/folders/65/nrk14cc96lv0gl_b3m5cyy9m0000gn/T/testng-eclipse--1757144581/testng-customsuite.xml">
      <![CDATA[org.testng.TestNGException: 
Parameter 'browser' is required by @Configuration on method openBrowser but has not been marked @Optional or defined
in /private/var/folders/65/nrk14cc96lv0gl_b3m5cyy9m0000gn/T/testng-eclipse--1757144581/testng-customsuite.xml
	at org.testng.internal.Parameters.createParameters(Parameters.java:156)
	at org.testng.internal.Parameters.createParameters(Parameters.java:370)
	at org.testng.internal.Parameters.createConfigurationParameters(Parameters.java:86)
	at org.testng.internal.Invoker.invokeConfigurations(Invoker.java:202)
	at org.testng.internal.Invoker.invokeConfigurations(Invoker.java:143)
	at org.testng.TestRunner.beforeRun(TestRunner.java:631)
	at org.testng.TestRunner.run(TestRunner.java:599)
	at org.testng.SuiteRunner.runTest(SuiteRunner.java:368)
	at org.testng.SuiteRunner.runSequentially(SuiteRunner.java:363)
	at org.testng.SuiteRunner.privateRun(SuiteRunner.java:321)
	at org.testng.SuiteRunner.run(SuiteRunner.java:270)
	at org.testng.SuiteRunnerWorker.runSuite(SuiteRunnerWorker.java:52)
	at org.testng.SuiteRunnerWorker.run(SuiteRunnerWorker.java:86)
	at org.testng.TestNG.runSuitesSequentially(TestNG.java:1284)
	at org.testng.TestNG.runSuitesLocally(TestNG.java:1209)
	at org.testng.TestNG.runSuites(TestNG.java:1124)
	at org.testng.TestNG.run(TestNG.java:1096)
	at org.testng.remote.AbstractRemoteTestNG.run(AbstractRemoteTestNG.java:132)
	at org.testng.remote.RemoteTestNG.initAndRun(RemoteTestNG.java:236)
	at org.testng.remote.RemoteTestNG.main(RemoteTestNG.java:81)
]]>
    </error>
  </testcase> <!-- openBrowser -->
  <testcase name="clickPages" time="0.003" classname="webSite1.WebSite1Auto">
    <skipped/>
  </testcase> <!-- clickPages -->
</testsuite> <!-- webSite1.WebSite1Auto -->
